# JRE version: OpenJDK Runtime Environment Temurin-21.0.9+10 (21.0.9+10) (build 21.0.9+10-LTS)
# Java VM: OpenJDK 64-Bit Server VM Temurin-21.0.9+10 (21.0.9+10-LTS, mixed mode, sharing, tiered, compressed oops, compressed class ptrs, parallel gc, windows-amd64)
GC Precious Log:
 CardTable entry size: 512
 CPUs: 12 total, 12 available
 Memory: 15724M
 Large Page Support: Disabled
 NUMA Support: Disabled
 Compressed Oops: Enabled (32-bit)
 Alignments: Space 512K, Generation 512K, Heap 2M
 Heap Min Capacity: 100M
 Heap Initial Capacity: 100M
 Heap Max Capacity: 2G
 Pre-touch: Disabled
 Parallel Workers: 10
Heap:
 PSYoungGen      total 23040K, used 22880K [0x00000000d5580000, 0x00000000d6f00000, 0x0000000100000000)
  eden space 20992K, 100% used [0x00000000d5580000,0x00000000d6a00000,0x00000000d6a00000)
  from space 2048K, 92% used [0x00000000d6d00000,0x00000000d6ed8000,0x00000000d6f00000)
  to   space 2560K, 39% used [0x00000000d6a00000,0x00000000d6aff2e8,0x00000000d6c80000)
 ParOldGen       total 68608K, used 28825K [0x0000000080000000, 0x0000000084300000, 0x00000000d5580000)
  object space 68608K, 42% used [0x0000000080000000,0x0000000081c265d8,0x0000000084300000)
 Metaspace       used 34285K, committed 35264K, reserved 1114112K
  class space    used 3508K, committed 3968K, reserved 1048576K
GC Heap History (20 events):
Event: 1.817 GC heap after
{Heap after GC invocations=8 (full 1):
 PSYoungGen      total 27648K, used 2569K [0x00000000d5580000, 0x00000000d7480000, 0x0000000100000000)
  eden space 24576K, 0% used [0x00000000d5580000,0x00000000d5580000,0x00000000d6d80000)
  from space 3072K, 83% used [0x00000000d6e00000,0x00000000d7082438,0x00000000d7100000)
  to   space 3584K, 0% used [0x00000000d7100000,0x00000000d7100000,0x00000000d7480000)
 ParOldGen       total 68608K, used 9293K [0x0000000080000000, 0x0000000084300000, 0x00000000d5580000)
  object space 68608K, 13% used [0x0000000080000000,0x00000000809135f0,0x0000000084300000)
 Metaspace       used 23134K, committed 23872K, reserved 1114112K
  class space    used 2242K, committed 2560K, reserved 1048576K
}
Event: 2.072 GC heap before
{Heap before GC invocations=9 (full 1):
 PSYoungGen      total 27648K, used 27145K [0x00000000d5580000, 0x00000000d7480000, 0x0000000100000000)
  eden space 24576K, 100% used [0x00000000d5580000,0x00000000d6d80000,0x00000000d6d80000)
  from space 3072K, 83% used [0x00000000d6e00000,0x00000000d7082438,0x00000000d7100000)
  to   space 3584K, 0% used [0x00000000d7100000,0x00000000d7100000,0x00000000d7480000)
 ParOldGen       total 68608K, used 9293K [0x0000000080000000, 0x0000000084300000, 0x00000000d5580000)
  object space 68608K, 13% used [0x0000000080000000,0x00000000809135f0,0x0000000084300000)
 Metaspace       used 26587K, committed 27520K, reserved 1114112K
  class space    used 2634K, committed 3072K, reserved 1048576K
}
Event: 2.075 GC heap after
{Heap after GC invocations=9 (full 1):
 PSYoungGen      total 27648K, used 3533K [0x00000000d5580000, 0x00000000d7500000, 0x0000000100000000)
  eden space 24064K, 0% used [0x00000000d5580000,0x00000000d5580000,0x00000000d6d00000)
  from space 3584K, 98% used [0x00000000d7100000,0x00000000d7473660,0x00000000d7480000)
  to   space 4096K, 0% used [0x00000000d6d00000,0x00000000d6d00000,0x00000000d7100000)
 ParOldGen       total 68608K, used 10082K [0x0000000080000000, 0x0000000084300000, 0x00000000d5580000)
  object space 68608K, 14% used [0x0000000080000000,0x00000000809d8b00,0x0000000084300000)
 Metaspace       used 26587K, committed 27520K, reserved 1114112K
  class space    used 2634K, committed 3072K, reserved 1048576K
}
Event: 2.279 GC heap before
{Heap before GC invocations=10 (full 1):
 PSYoungGen      total 27648K, used 27597K [0x00000000d5580000, 0x00000000d7500000, 0x0000000100000000)
  eden space 24064K, 100% used [0x00000000d5580000,0x00000000d6d00000,0x00000000d6d00000)
  from space 3584K, 98% used [0x00000000d7100000,0x00000000d7473660,0x00000000d7480000)
  to   space 4096K, 0% used [0x00000000d6d00000,0x00000000d6d00000,0x00000000d7100000)
 ParOldGen       total 68608K, used 10082K [0x0000000080000000, 0x0000000084300000, 0x00000000d5580000)
  object space 68608K, 14% used [0x0000000080000000,0x00000000809d8b00,0x0000000084300000)
 Metaspace       used 29637K, committed 30464K, reserved 1114112K
  class space    used 2968K, committed 3328K, reserved 1048576K
}
Event: 2.282 GC heap after
{Heap after GC invocations=10 (full 1):
 PSYoungGen      total 27648K, used 4074K [0x00000000d5580000, 0x00000000d7680000, 0x0000000100000000)
  eden space 23552K, 0% used [0x00000000d5580000,0x00000000d5580000,0x00000000d6c80000)
  from space 4096K, 99% used [0x00000000d6d00000,0x00000000d70fab18,0x00000000d7100000)
  to   space 5120K, 0% used [0x00000000d7180000,0x00000000d7180000,0x00000000d7680000)
 ParOldGen       total 68608K, used 10562K [0x0000000080000000, 0x0000000084300000, 0x00000000d5580000)
  object space 68608K, 15% used [0x0000000080000000,0x0000000080a50b20,0x0000000084300000)
 Metaspace       used 29637K, committed 30464K, reserved 1114112K
  class space    used 2968K, committed 3328K, reserved 1048576K
}
Event: 2.563 GC heap before
{Heap before GC invocations=11 (full 1):
 PSYoungGen      total 27648K, used 27626K [0x00000000d5580000, 0x00000000d7680000, 0x0000000100000000)
  eden space 23552K, 100% used [0x00000000d5580000,0x00000000d6c80000,0x00000000d6c80000)
  from space 4096K, 99% used [0x00000000d6d00000,0x00000000d70fab18,0x00000000d7100000)
  to   space 5120K, 0% used [0x00000000d7180000,0x00000000d7180000,0x00000000d7680000)
 ParOldGen       total 68608K, used 10562K [0x0000000080000000, 0x0000000084300000, 0x00000000d5580000)
  object space 68608K, 15% used [0x0000000080000000,0x0000000080a50b20,0x0000000084300000)
 Metaspace       used 31880K, committed 32832K, reserved 1114112K
  class space    used 3195K, committed 3648K, reserved 1048576K
}
Event: 2.567 GC heap after
{Heap after GC invocations=11 (full 1):
 PSYoungGen      total 26624K, used 3294K [0x00000000d5580000, 0x00000000d7500000, 0x0000000100000000)
  eden space 23040K, 0% used [0x00000000d5580000,0x00000000d5580000,0x00000000d6c00000)
  from space 3584K, 91% used [0x00000000d7180000,0x00000000d74b7848,0x00000000d7500000)
  to   space 4096K, 0% used [0x00000000d6d00000,0x00000000d6d00000,0x00000000d7100000)
 ParOldGen       total 68608K, used 13589K [0x0000000080000000, 0x0000000084300000, 0x00000000d5580000)
  object space 68608K, 19% used [0x0000000080000000,0x0000000080d45640,0x0000000084300000)
 Metaspace       used 31880K, committed 32832K, reserved 1114112K
  class space    used 3195K, committed 3648K, reserved 1048576K
}
Event: 2.609 GC heap before
{Heap before GC invocations=12 (full 1):
 PSYoungGen      total 26624K, used 26334K [0x00000000d5580000, 0x00000000d7500000, 0x0000000100000000)
  eden space 23040K, 100% used [0x00000000d5580000,0x00000000d6c00000,0x00000000d6c00000)
  from space 3584K, 91% used [0x00000000d7180000,0x00000000d74b7848,0x00000000d7500000)
  to   space 4096K, 0% used [0x00000000d6d00000,0x00000000d6d00000,0x00000000d7100000)
 ParOldGen       total 68608K, used 13589K [0x0000000080000000, 0x0000000084300000, 0x00000000d5580000)
  object space 68608K, 19% used [0x0000000080000000,0x0000000080d45640,0x0000000084300000)
 Metaspace       used 31884K, committed 32832K, reserved 1114112K
  class space    used 3195K, committed 3648K, reserved 1048576K
}
Event: 2.615 GC heap after
{Heap after GC invocations=12 (full 1):
 PSYoungGen      total 25088K, used 2176K [0x00000000d5580000, 0x00000000d7200000, 0x0000000100000000)
  eden space 22528K, 0% used [0x00000000d5580000,0x00000000d5580000,0x00000000d6b80000)
  from space 2560K, 85% used [0x00000000d6d00000,0x00000000d6f20010,0x00000000d6f80000)
  to   space 2560K, 0% used [0x00000000d6f80000,0x00000000d6f80000,0x00000000d7200000)
 ParOldGen       total 68608K, used 16689K [0x0000000080000000, 0x0000000084300000, 0x00000000d5580000)
  object space 68608K, 24% used [0x0000000080000000,0x000000008104c758,0x0000000084300000)
 Metaspace       used 31884K, committed 32832K, reserved 1114112K
  class space    used 3195K, committed 3648K, reserved 1048576K
}
Event: 2.685 GC heap before
{Heap before GC invocations=13 (full 1):
 PSYoungGen      total 25088K, used 24704K [0x00000000d5580000, 0x00000000d7200000, 0x0000000100000000)
  eden space 22528K, 100% used [0x00000000d5580000,0x00000000d6b80000,0x00000000d6b80000)
  from space 2560K, 85% used [0x00000000d6d00000,0x00000000d6f20010,0x00000000d6f80000)
  to   space 2560K, 0% used [0x00000000d6f80000,0x00000000d6f80000,0x00000000d7200000)
 ParOldGen       total 68608K, used 16689K [0x0000000080000000, 0x0000000084300000, 0x00000000d5580000)
  object space 68608K, 24% used [0x0000000080000000,0x000000008104c758,0x0000000084300000)
 Metaspace       used 32233K, committed 33152K, reserved 1114112K
  class space    used 3248K, committed 3712K, reserved 1048576K
}
Event: 2.689 GC heap after
{Heap after GC invocations=13 (full 1):
 PSYoungGen      total 24576K, used 2498K [0x00000000d5580000, 0x00000000d7200000, 0x0000000100000000)
  eden space 22016K, 0% used [0x00000000d5580000,0x00000000d5580000,0x00000000d6b00000)
  from space 2560K, 97% used [0x00000000d6f80000,0x00000000d71f0820,0x00000000d7200000)
  to   space 3072K, 0% used [0x00000000d6c00000,0x00000000d6c00000,0x00000000d6f00000)
 ParOldGen       total 68608K, used 18705K [0x0000000080000000, 0x0000000084300000, 0x00000000d5580000)
  object space 68608K, 27% used [0x0000000080000000,0x0000000081244758,0x0000000084300000)
 Metaspace       used 32233K, committed 33152K, reserved 1114112K
  class space    used 3248K, committed 3712K, reserved 1048576K
}
Event: 2.730 GC heap before
{Heap before GC invocations=14 (full 1):
 PSYoungGen      total 24576K, used 24514K [0x00000000d5580000, 0x00000000d7200000, 0x0000000100000000)
  eden space 22016K, 100% used [0x00000000d5580000,0x00000000d6b00000,0x00000000d6b00000)
  from space 2560K, 97% used [0x00000000d6f80000,0x00000000d71f0820,0x00000000d7200000)
  to   space 3072K, 0% used [0x00000000d6c00000,0x00000000d6c00000,0x00000000d6f00000)
 ParOldGen       total 68608K, used 18705K [0x0000000080000000, 0x0000000084300000, 0x00000000d5580000)
  object space 68608K, 27% used [0x0000000080000000,0x0000000081244758,0x0000000084300000)
 Metaspace       used 32250K, committed 33216K, reserved 1114112K
  class space    used 3248K, committed 3712K, reserved 1048576K
}
Event: 2.734 GC heap after
{Heap after GC invocations=14 (full 1):
 PSYoungGen      total 24576K, used 2144K [0x00000000d5580000, 0x00000000d7000000, 0x0000000100000000)
  eden space 22016K, 0% used [0x00000000d5580000,0x00000000d5580000,0x00000000d6b00000)
  from space 2560K, 83% used [0x00000000d6c00000,0x00000000d6e18000,0x00000000d6e80000)
  to   space 1536K, 0% used [0x00000000d6e80000,0x00000000d6e80000,0x00000000d7000000)
 ParOldGen       total 68608K, used 21040K [0x0000000080000000, 0x0000000084300000, 0x00000000d5580000)
  object space 68608K, 30% used [0x0000000080000000,0x000000008148c050,0x0000000084300000)
 Metaspace       used 32250K, committed 33216K, reserved 1114112K
  class space    used 3248K, committed 3712K, reserved 1048576K
}
Event: 2.769 GC heap before
{Heap before GC invocations=15 (full 1):
 PSYoungGen      total 24576K, used 24160K [0x00000000d5580000, 0x00000000d7000000, 0x0000000100000000)
  eden space 22016K, 100% used [0x00000000d5580000,0x00000000d6b00000,0x00000000d6b00000)
  from space 2560K, 83% used [0x00000000d6c00000,0x00000000d6e18000,0x00000000d6e80000)
  to   space 1536K, 0% used [0x00000000d6e80000,0x00000000d6e80000,0x00000000d7000000)
 ParOldGen       total 68608K, used 21040K [0x0000000080000000, 0x0000000084300000, 0x00000000d5580000)
  object space 68608K, 30% used [0x0000000080000000,0x000000008148c050,0x0000000084300000)
 Metaspace       used 32257K, committed 33216K, reserved 1114112K
  class space    used 3248K, committed 3712K, reserved 1048576K
}
Event: 2.773 GC heap after
{Heap after GC invocations=15 (full 1):
 PSYoungGen      total 22528K, used 1536K [0x00000000d5580000, 0x00000000d7400000, 0x0000000100000000)
  eden space 20992K, 0% used [0x00000000d5580000,0x00000000d5580000,0x00000000d6a00000)
  from space 1536K, 100% used [0x00000000d6e80000,0x00000000d7000000,0x00000000d7000000)
  to   space 4608K, 0% used [0x00000000d6a00000,0x00000000d6a00000,0x00000000d6e80000)
 ParOldGen       total 68608K, used 23482K [0x0000000080000000, 0x0000000084300000, 0x00000000d5580000)
  object space 68608K, 34% used [0x0000000080000000,0x00000000816ee9f8,0x0000000084300000)
 Metaspace       used 32257K, committed 33216K, reserved 1114112K
  class space    used 3248K, committed 3712K, reserved 1048576K
}
Event: 2.849 GC heap before
{Heap before GC invocations=16 (full 1):
 PSYoungGen      total 22528K, used 22528K [0x00000000d5580000, 0x00000000d7400000, 0x0000000100000000)
  eden space 20992K, 100% used [0x00000000d5580000,0x00000000d6a00000,0x00000000d6a00000)
  from space 1536K, 100% used [0x00000000d6e80000,0x00000000d7000000,0x00000000d7000000)
  to   space 4608K, 0% used [0x00000000d6a00000,0x00000000d6a00000,0x00000000d6e80000)
 ParOldGen       total 68608K, used 23482K [0x0000000080000000, 0x0000000084300000, 0x00000000d5580000)
  object space 68608K, 34% used [0x0000000080000000,0x00000000816ee9f8,0x0000000084300000)
 Metaspace       used 32311K, committed 33216K, reserved 1114112K
  class space    used 3250K, committed 3712K, reserved 1048576K
}
Event: 2.854 GC heap after
{Heap after GC invocations=16 (full 1):
 PSYoungGen      total 23552K, used 2208K [0x00000000d5580000, 0x00000000d7000000, 0x0000000100000000)
  eden space 20992K, 0% used [0x00000000d5580000,0x00000000d5580000,0x00000000d6a00000)
  from space 2560K, 86% used [0x00000000d6a00000,0x00000000d6c28010,0x00000000d6c80000)
  to   space 3072K, 0% used [0x00000000d6d00000,0x00000000d6d00000,0x00000000d7000000)
 ParOldGen       total 68608K, used 25060K [0x0000000080000000, 0x0000000084300000, 0x00000000d5580000)
  object space 68608K, 36% used [0x0000000080000000,0x0000000081879070,0x0000000084300000)
 Metaspace       used 32311K, committed 33216K, reserved 1114112K
  class space    used 3250K, committed 3712K, reserved 1048576K
}
Event: 2.906 GC heap before
{Heap before GC invocations=17 (full 1):
 PSYoungGen      total 23552K, used 23200K [0x00000000d5580000, 0x00000000d7000000, 0x0000000100000000)
  eden space 20992K, 100% used [0x00000000d5580000,0x00000000d6a00000,0x00000000d6a00000)
  from space 2560K, 86% used [0x00000000d6a00000,0x00000000d6c28010,0x00000000d6c80000)
  to   space 3072K, 0% used [0x00000000d6d00000,0x00000000d6d00000,0x00000000d7000000)
 ParOldGen       total 68608K, used 25060K [0x0000000080000000, 0x0000000084300000, 0x00000000d5580000)
  object space 68608K, 36% used [0x0000000080000000,0x0000000081879070,0x0000000084300000)
 Metaspace       used 32327K, committed 33280K, reserved 1114112K
  class space    used 3250K, committed 3712K, reserved 1048576K
}
Event: 2.911 GC heap after
{Heap after GC invocations=17 (full 1):
 PSYoungGen      total 23040K, used 1888K [0x00000000d5580000, 0x00000000d6f00000, 0x0000000100000000)
  eden space 20992K, 0% used [0x00000000d5580000,0x00000000d5580000,0x00000000d6a00000)
  from space 2048K, 92% used [0x00000000d6d00000,0x00000000d6ed8000,0x00000000d6f00000)
  to   space 2560K, 0% used [0x00000000d6a00000,0x00000000d6a00000,0x00000000d6c80000)
 ParOldGen       total 68608K, used 27084K [0x0000000080000000, 0x0000000084300000, 0x00000000d5580000)
  object space 68608K, 39% used [0x0000000080000000,0x0000000081a73080,0x0000000084300000)
 Metaspace       used 32327K, committed 33280K, reserved 1114112K
  class space    used 3250K, committed 3712K, reserved 1048576K
}
Event: 3.286 GC heap before
{Heap before GC invocations=18 (full 1):
 PSYoungGen      total 23040K, used 22880K [0x00000000d5580000, 0x00000000d6f00000, 0x0000000100000000)
  eden space 20992K, 100% used [0x00000000d5580000,0x00000000d6a00000,0x00000000d6a00000)
  from space 2048K, 92% used [0x00000000d6d00000,0x00000000d6ed8000,0x00000000d6f00000)
  to   space 2560K, 0% used [0x00000000d6a00000,0x00000000d6a00000,0x00000000d6c80000)
 ParOldGen       total 68608K, used 27084K [0x0000000080000000, 0x0000000084300000, 0x00000000d5580000)
  object space 68608K, 39% used [0x0000000080000000,0x0000000081a73080,0x0000000084300000)
 Metaspace       used 34285K, committed 35264K, reserved 1114112K
  class space    used 3508K, committed 3968K, reserved 1048576K
}

